2024-10-14 00:04:00.549 [info] Extension host with pid 9106 started
2024-10-14 00:04:00.549 [error] Error: EEXIST: file already exists, open '/home/ec2-user/.vscode-server/data/User/workspaceStorage/b216eb221c8ea0ab95069215dcce9b51/vscode.lock'
2024-10-14 00:04:00.693 [info] Lock '/home/ec2-user/.vscode-server/data/User/workspaceStorage/b216eb221c8ea0ab95069215dcce9b51/vscode.lock': Could not acquire lock, checking if the file is stale.
2024-10-14 00:04:00.712 [info] ExtensionService#_doActivateExtension vscode.emmet, startup: false, activationEvent: 'onLanguage'
2024-10-14 00:04:00.713 [info] ExtensionService#_doActivateExtension vscode.git-base, startup: false, activationEvent: 'onLanguage:ignore'
2024-10-14 00:04:00.753 [info] Lock '/home/ec2-user/.vscode-server/data/User/workspaceStorage/b216eb221c8ea0ab95069215dcce9b51/vscode.lock': The lock does not look stale, elapsed: 659 ms, giving up.
2024-10-14 00:04:00.768 [info] Lock '/home/ec2-user/.vscode-server/data/User/workspaceStorage/b216eb221c8ea0ab95069215dcce9b51-1/vscode.lock': Lock acquired.
2024-10-14 00:04:00.977 [info] ExtensionService#_doActivateExtension vscode.git, startup: false, activationEvent: '*'
2024-10-14 00:04:00.979 [info] ExtensionService#_doActivateExtension vscode.github, startup: false, activationEvent: '*'
2024-10-14 00:04:01.537 [info] Eager extensions activated
2024-10-14 00:04:01.538 [info] ExtensionService#_doActivateExtension vscode.debug-auto-launch, startup: false, activationEvent: 'onStartupFinished'
2024-10-14 00:04:01.538 [info] ExtensionService#_doActivateExtension vscode.merge-conflict, startup: false, activationEvent: 'onStartupFinished'
2024-10-14 00:04:02.132 [warning] [Decorations] CAPPING events from decorations provider vscode.git 1760
2024-10-14 00:04:02.896 [warning] [Decorations] CAPPING events from decorations provider vscode.git 1760
2024-10-14 00:04:05.288 [warning] [Decorations] CAPPING events from decorations provider vscode.git 1760
2024-10-14 00:04:10.356 [warning] [Decorations] CAPPING events from decorations provider vscode.git 1760
2024-10-14 00:04:15.454 [warning] [Decorations] CAPPING events from decorations provider vscode.git 1760
2024-10-14 00:04:20.540 [warning] [Decorations] CAPPING events from decorations provider vscode.git 1760
2024-10-14 00:04:25.598 [warning] [Decorations] CAPPING events from decorations provider vscode.git 1760
2024-10-14 00:04:30.662 [warning] [Decorations] CAPPING events from decorations provider vscode.git 1760
2024-10-14 00:04:35.752 [warning] [Decorations] CAPPING events from decorations provider vscode.git 1760
2024-10-14 00:04:40.808 [warning] [Decorations] CAPPING events from decorations provider vscode.git 1760
2024-10-14 00:04:45.897 [warning] [Decorations] CAPPING events from decorations provider vscode.git 1761
2024-10-14 00:04:50.965 [warning] [Decorations] CAPPING events from decorations provider vscode.git 1761
2024-10-14 00:04:56.037 [warning] [Decorations] CAPPING events from decorations provider vscode.git 1761
2024-10-14 00:05:01.131 [warning] [Decorations] CAPPING events from decorations provider vscode.git 1761
2024-10-14 00:05:06.200 [warning] [Decorations] CAPPING events from decorations provider vscode.git 1761
2024-10-14 00:05:11.317 [warning] [Decorations] CAPPING events from decorations provider vscode.git 1761
2024-10-14 00:05:16.425 [warning] [Decorations] CAPPING events from decorations provider vscode.git 1761
2024-10-14 00:05:21.555 [warning] [Decorations] CAPPING events from decorations provider vscode.git 1761
