2024-10-13 09:21:55.529 [info] [main] Log level: Info
2024-10-13 09:21:55.529 [info] [main] Validating found git in: "git"
2024-10-13 09:21:55.529 [info] [main] Using git "2.40.1" from "git"
2024-10-13 09:21:55.529 [info] [Model][doInitialScan] Initial repository scan started
2024-10-13 09:21:55.529 [info] > git rev-parse --show-toplevel [88ms]
2024-10-13 09:21:55.529 [info] fatal: not a git repository (or any of the parent directories): .git
2024-10-13 09:21:55.529 [info] [Model][doInitialScan] Initial repository scan completed - repositories (0), closed repositories (0), parent repositories (0), unsafe repositories (0)
2024-10-13 09:21:55.683 [info] > git rev-parse --show-toplevel [2ms]
2024-10-13 09:21:55.683 [info] fatal: not a git repository (or any of the parent directories): .git
2024-10-13 09:21:58.505 [info] > git rev-parse --show-toplevel [2ms]
2024-10-13 09:21:58.505 [info] fatal: not a git repository (or any of the parent directories): .git
2024-10-13 09:21:59.724 [info] > git rev-parse --show-toplevel [1ms]
2024-10-13 09:21:59.725 [info] fatal: not a git repository (or any of the parent directories): .git
2024-10-13 09:22:00.784 [info] > git rev-parse --show-toplevel [1ms]
2024-10-13 09:22:00.784 [info] fatal: not a git repository (or any of the parent directories): .git
2024-10-13 09:22:33.866 [info] > git rev-parse --show-toplevel [4ms]
2024-10-13 09:22:33.866 [info] fatal: not a git repository (or any of the parent directories): .git
2024-10-13 09:22:35.119 [info] > git rev-parse --show-toplevel [2ms]
2024-10-13 09:22:35.119 [info] fatal: not a git repository (or any of the parent directories): .git
2024-10-13 09:22:36.408 [info] > git rev-parse --show-toplevel [2ms]
2024-10-13 09:22:36.408 [info] fatal: not a git repository (or any of the parent directories): .git
