2024-10-13 09:25:10.167 [info] [main] Log level: Info
2024-10-13 09:25:10.167 [info] [main] Validating found git in: "git"
2024-10-13 09:25:10.167 [info] [main] Using git "2.40.1" from "git"
2024-10-13 09:25:10.167 [info] [Model][doInitialScan] Initial repository scan started
2024-10-13 09:25:10.167 [info] > git rev-parse --show-toplevel [77ms]
2024-10-13 09:25:10.167 [info] fatal: not a git repository (or any of the parent directories): .git
2024-10-13 09:25:10.167 [info] > git rev-parse --show-toplevel [78ms]
2024-10-13 09:25:10.167 [info] fatal: not a git repository (or any of the parent directories): .git
2024-10-13 09:25:10.170 [info] > git rev-parse --show-toplevel [3ms]
2024-10-13 09:25:10.170 [info] fatal: not a git repository (or any of the parent directories): .git
2024-10-13 09:25:10.177 [info] > git rev-parse --show-toplevel [3ms]
2024-10-13 09:25:10.177 [info] fatal: not a git repository (or any of the parent directories): .git
2024-10-13 09:25:10.188 [info] > git rev-parse --show-toplevel [2ms]
2024-10-13 09:25:10.188 [info] fatal: not a git repository (or any of the parent directories): .git
2024-10-13 09:25:10.192 [info] > git rev-parse --show-toplevel [2ms]
2024-10-13 09:25:10.192 [info] fatal: not a git repository (or any of the parent directories): .git
2024-10-13 09:25:10.197 [info] > git rev-parse --show-toplevel [2ms]
2024-10-13 09:25:10.197 [info] fatal: not a git repository (or any of the parent directories): .git
2024-10-13 09:25:10.200 [info] [Model][doInitialScan] Initial repository scan completed - repositories (0), closed repositories (0), parent repositories (0), unsafe repositories (0)
2024-10-13 09:25:10.356 [info] > git rev-parse --show-toplevel [5ms]
2024-10-13 09:25:10.356 [info] fatal: not a git repository (or any of the parent directories): .git
2024-10-13 09:25:10.411 [info] > git rev-parse --show-toplevel [2ms]
2024-10-13 09:25:10.411 [info] fatal: not a git repository (or any of the parent directories): .git
