2024-10-13 09:02:00.919 [info] [main] Log level: Info
2024-10-13 09:02:00.919 [info] [main] Validating found git in: "git"
2024-10-13 09:02:00.919 [info] [main] Using git "2.40.1" from "git"
2024-10-13 09:02:00.919 [info] [Model][doInitialScan] Initial repository scan started
2024-10-13 09:02:00.919 [info] > git rev-parse --show-toplevel [53ms]
2024-10-13 09:02:00.919 [info] fatal: not a git repository (or any of the parent directories): .git
2024-10-13 09:02:00.919 [info] > git rev-parse --show-toplevel [3ms]
2024-10-13 09:02:00.919 [info] fatal: not a git repository (or any of the parent directories): .git
2024-10-13 09:02:00.920 [info] > git rev-parse --show-toplevel [2ms]
2024-10-13 09:02:00.920 [info] fatal: not a git repository (or any of the parent directories): .git
2024-10-13 09:02:00.923 [info] > git rev-parse --show-toplevel [1ms]
2024-10-13 09:02:00.923 [info] fatal: not a git repository (or any of the parent directories): .git
2024-10-13 09:02:00.927 [info] > git rev-parse --show-toplevel [1ms]
2024-10-13 09:02:00.927 [info] fatal: not a git repository (or any of the parent directories): .git
2024-10-13 09:02:00.931 [info] [Model][doInitialScan] Initial repository scan completed - repositories (0), closed repositories (0), parent repositories (0), unsafe repositories (0)
2024-10-13 09:02:07.305 [info] > git rev-parse --show-toplevel [1ms]
2024-10-13 09:02:07.305 [info] fatal: not a git repository (or any of the parent directories): .git
2024-10-13 09:02:08.835 [info] > git rev-parse --show-toplevel [2ms]
2024-10-13 09:02:08.835 [info] fatal: not a git repository (or any of the parent directories): .git
2024-10-13 09:02:09.982 [info] > git rev-parse --show-toplevel [4ms]
2024-10-13 09:02:09.982 [info] fatal: not a git repository (or any of the parent directories): .git
2024-10-13 09:02:54.445 [info] > git rev-parse --show-toplevel [3ms]
2024-10-13 09:02:54.445 [info] fatal: not a git repository (or any of the parent directories): .git
2024-10-13 09:02:54.660 [info] > git rev-parse --show-toplevel [1ms]
2024-10-13 09:02:54.660 [info] fatal: not a git repository (or any of the parent directories): .git
2024-10-13 09:05:30.967 [info] > git rev-parse --show-toplevel [37ms]
2024-10-13 09:05:30.974 [info] > git rev-parse --git-dir --git-common-dir [2ms]
2024-10-13 09:05:30.991 [info] [Model][openRepository] Opened repository: /home/ec2-user/ansible-w17
2024-10-13 09:05:31.018 [info] > git config --get commit.template [8ms]
2024-10-13 09:05:31.021 [info] > git for-each-ref --format=%(refname)%00%(upstream:short)%00%(objectname)%00%(upstream:track)%00%(upstream:remotename)%00%(upstream:remoteref) refs/heads/main refs/remotes/main [7ms]
2024-10-13 09:05:31.024 [warning] [Git][revParse] Unable to read file: ENOENT: no such file or directory, open '/home/ec2-user/ansible-w17/.git/refs/remotes/origin/main'
2024-10-13 09:05:31.026 [info] > git rev-parse refs/remotes/origin/main [2ms]
2024-10-13 09:05:31.046 [info] > git for-each-ref --sort -committerdate --format %(refname) %(objectname) %(*objectname) [5ms]
2024-10-13 09:05:31.199 [info] > git status -z -uall [169ms]
2024-10-13 09:05:31.221 [info] > git for-each-ref --format=%(refname)%00%(upstream:short)%00%(objectname)%00%(upstream:track)%00%(upstream:remotename)%00%(upstream:remoteref) refs/heads/main refs/remotes/main [7ms]
2024-10-13 09:05:31.229 [info] > git config --get commit.template [9ms]
2024-10-13 09:05:31.230 [info] > git config --local branch.main.vscode-merge-base [4ms]
2024-10-13 09:05:31.230 [warning] [Git][config] git config failed: Failed to execute git
2024-10-13 09:05:31.242 [info] > git reflog main --grep-reflog=branch: Created from *. [8ms]
2024-10-13 09:05:31.246 [info] > git for-each-ref --format=%(refname)%00%(upstream:short)%00%(objectname)%00%(upstream:track)%00%(upstream:remotename)%00%(upstream:remoteref) refs/heads/main refs/remotes/main [6ms]
2024-10-13 09:05:31.250 [warning] [Git][revParse] Unable to read file: ENOENT: no such file or directory, open '/home/ec2-user/ansible-w17/.git/refs/remotes/origin/main'
2024-10-13 09:05:31.251 [info] > git symbolic-ref --short refs/remotes/origin/HEAD [6ms]
2024-10-13 09:05:31.256 [info] > git rev-parse refs/remotes/origin/main [5ms]
2024-10-13 09:05:31.292 [info] > git for-each-ref --format=%(refname)%00%(upstream:short)%00%(objectname)%00%(upstream:track)%00%(upstream:remotename)%00%(upstream:remoteref) refs/heads/origin/main refs/remotes/origin/main [37ms]
2024-10-13 09:05:31.311 [info] > git for-each-ref --sort -committerdate --format %(refname) %(objectname) %(*objectname) [20ms]
2024-10-13 09:05:31.317 [info] > git config --local branch.main.vscode-merge-base origin/main [7ms]
2024-10-13 09:05:31.328 [info] > git status -z -uall [69ms] (cancelled)
2024-10-13 09:05:31.328 [info] > git for-each-ref --format=%(refname)%00%(upstream:short)%00%(objectname)%00%(upstream:track)%00%(upstream:remotename)%00%(upstream:remoteref) refs/heads/main refs/remotes/main [7ms]
2024-10-13 09:05:31.331 [info] > git config --get commit.template [5ms]
2024-10-13 09:05:31.332 [info] > git config --local branch.main.vscode-merge-base [2ms]
2024-10-13 09:05:31.337 [info] > git for-each-ref --format=%(refname)%00%(upstream:short)%00%(objectname)%00%(upstream:track)%00%(upstream:remotename)%00%(upstream:remoteref) refs/heads/origin/main refs/remotes/origin/main [3ms]
2024-10-13 09:05:31.870 [info] > git check-ignore -v -z --stdin [7ms]
2024-10-13 09:05:31.871 [info] > git merge-base refs/heads/main refs/remotes/origin/main [530ms]
2024-10-13 09:05:31.874 [info] > git for-each-ref --format=%(refname)%00%(upstream:short)%00%(objectname)%00%(upstream:track)%00%(upstream:remotename)%00%(upstream:remoteref) refs/heads/main refs/remotes/main [538ms]
2024-10-13 09:05:31.877 [warning] [Git][revParse] Unable to read file: ENOENT: no such file or directory, open '/home/ec2-user/ansible-w17/.git/refs/remotes/origin/main'
2024-10-13 09:05:31.878 [info] > git diff --name-status -z --diff-filter=ADMR 7fdde104db8940b863510d1f264c96140d5549c2...refs/remotes/origin/main [4ms]
2024-10-13 09:05:31.879 [info] > git rev-parse refs/remotes/origin/main [2ms]
2024-10-13 09:05:31.888 [info] > git for-each-ref --sort -committerdate --format %(refname) %(objectname) %(*objectname) [2ms]
2024-10-13 09:05:31.986 [info] > git status -z -uall [105ms]
2024-10-13 09:05:32.000 [info] > git show --textconv :ansible-dev/inv.yml [3ms]
2024-10-13 09:05:32.002 [info] > git ls-files --stage -- /home/ec2-user/ansible-w17/ansible-dev/inv.yml [3ms]
2024-10-13 09:05:32.005 [info] > git cat-file -s ec4a563d1a015d69b03aacedd6046ab85404cc6d [1ms]
2024-10-13 09:05:44.327 [info] > git rev-parse --show-toplevel [3ms]
2024-10-13 09:05:44.327 [info] fatal: not a git repository (or any of the parent directories): .git
2024-10-13 09:06:33.741 [info] > git show --textconv :ansible-dev/inv.yml [5ms]
2024-10-13 09:06:33.742 [info] > git ls-files --stage -- /home/ec2-user/ansible-w17/ansible-dev/inv.yml [2ms]
2024-10-13 09:06:33.746 [info] > git cat-file -s ec4a563d1a015d69b03aacedd6046ab85404cc6d [2ms]
2024-10-13 09:09:41.711 [info] > git config --get commit.template [4ms]
2024-10-13 09:09:41.713 [info] > git for-each-ref --format=%(refname)%00%(upstream:short)%00%(objectname)%00%(upstream:track)%00%(upstream:remotename)%00%(upstream:remoteref) refs/heads/main refs/remotes/main [4ms]
2024-10-13 09:09:41.716 [warning] [Git][revParse] Unable to read file: ENOENT: no such file or directory, open '/home/ec2-user/ansible-w17/.git/refs/remotes/origin/main'
2024-10-13 09:09:41.718 [info] > git rev-parse refs/remotes/origin/main [2ms]
2024-10-13 09:09:41.729 [info] > git for-each-ref --sort -committerdate --format %(refname) %(objectname) %(*objectname) [4ms]
2024-10-13 09:09:41.886 [info] > git status -z -uall [165ms]
2024-10-13 09:09:46.908 [info] > git config --get commit.template [2ms]
2024-10-13 09:09:46.914 [info] > git for-each-ref --format=%(refname)%00%(upstream:short)%00%(objectname)%00%(upstream:track)%00%(upstream:remotename)%00%(upstream:remoteref) refs/heads/main refs/remotes/main [3ms]
2024-10-13 09:09:46.924 [warning] [Git][revParse] Unable to read file: ENOENT: no such file or directory, open '/home/ec2-user/ansible-w17/.git/refs/remotes/origin/main'
2024-10-13 09:09:46.927 [info] > git rev-parse refs/remotes/origin/main [2ms]
2024-10-13 09:09:46.937 [info] > git for-each-ref --sort -committerdate --format %(refname) %(objectname) %(*objectname) [4ms]
2024-10-13 09:09:47.060 [info] > git status -z -uall [130ms]
2024-10-13 09:10:14.271 [info] > git config --get commit.template [3ms]
2024-10-13 09:10:14.272 [info] > git for-each-ref --format=%(refname)%00%(upstream:short)%00%(objectname)%00%(upstream:track)%00%(upstream:remotename)%00%(upstream:remoteref) refs/heads/main refs/remotes/main [2ms]
2024-10-13 09:10:14.275 [warning] [Git][revParse] Unable to read file: ENOENT: no such file or directory, open '/home/ec2-user/ansible-w17/.git/refs/remotes/origin/main'
2024-10-13 09:10:14.277 [info] > git rev-parse refs/remotes/origin/main [2ms]
2024-10-13 09:10:14.294 [info] > git for-each-ref --sort -committerdate --format %(refname) %(objectname) %(*objectname) [3ms]
2024-10-13 09:10:14.426 [info] > git status -z -uall [145ms]
2024-10-13 09:14:59.198 [warning] [Git][getHEAD] Failed to parse HEAD file: ENOENT: no such file or directory, open '/home/ec2-user/ansible-w17/.git/HEAD'
2024-10-13 09:14:59.204 [warning] [Git][getRemotes] Error: ENOENT: no such file or directory, open '/home/ec2-user/ansible-w17/.git/config'
2024-10-13 09:14:59.211 [warning] [Git][getHEAD] Failed to parse HEAD file: ENOENT: no such file or directory, open '/home/ec2-user/ansible-w17/.git/HEAD'
2024-10-13 09:14:59.214 [warning] [Git][getRemotes] Error: ENOENT: no such file or directory, open '/home/ec2-user/ansible-w17/.git/config'
