2024-10-13 19:17:35.918 [info] [main] Log level: Info
2024-10-13 19:17:35.919 [info] [main] Validating found git in: "git"
2024-10-13 19:17:35.919 [info] [main] Using git "2.40.1" from "git"
2024-10-13 19:17:35.919 [info] [Model][doInitialScan] Initial repository scan started
2024-10-13 19:17:35.919 [info] > git rev-parse --show-toplevel [46ms]
2024-10-13 19:17:35.919 [info] fatal: not a git repository (or any of the parent directories): .git
2024-10-13 19:17:35.919 [info] > git rev-parse --show-toplevel [4ms]
2024-10-13 19:17:35.919 [info] fatal: not a git repository (or any of the parent directories): .git
2024-10-13 19:17:35.920 [info] > git rev-parse --show-toplevel [2ms]
2024-10-13 19:17:35.920 [info] fatal: not a git repository (or any of the parent directories): .git
2024-10-13 19:17:35.923 [info] > git rev-parse --show-toplevel [1ms]
2024-10-13 19:17:35.923 [info] fatal: not a git repository (or any of the parent directories): .git
2024-10-13 19:17:35.926 [info] > git rev-parse --show-toplevel [1ms]
2024-10-13 19:17:35.926 [info] fatal: not a git repository (or any of the parent directories): .git
2024-10-13 19:17:35.931 [info] > git rev-parse --show-toplevel [1ms]
2024-10-13 19:17:35.931 [info] fatal: not a git repository (or any of the parent directories): .git
2024-10-13 19:17:35.935 [info] > git rev-parse --show-toplevel [1ms]
2024-10-13 19:17:35.935 [info] fatal: not a git repository (or any of the parent directories): .git
2024-10-13 19:17:35.969 [info] > git rev-parse --show-toplevel [32ms]
2024-10-13 19:17:35.970 [info] fatal: not a git repository (or any of the parent directories): .git
2024-10-13 19:17:35.974 [info] [Model][doInitialScan] Initial repository scan completed - repositories (0), closed repositories (0), parent repositories (0), unsafe repositories (0)
2024-10-13 19:17:35.982 [info] > git rev-parse --show-toplevel [2ms]
2024-10-13 19:17:35.982 [info] fatal: not a git repository (or any of the parent directories): .git
2024-10-13 19:17:39.984 [info] > git rev-parse --show-toplevel [1ms]
2024-10-13 19:17:39.984 [info] fatal: not a git repository (or any of the parent directories): .git
2024-10-13 19:18:28.609 [info] > git rev-parse --show-toplevel [1ms]
2024-10-13 19:18:28.610 [info] fatal: not a git repository (or any of the parent directories): .git
2024-10-13 19:27:33.985 [info] > git rev-parse --show-toplevel [3ms]
2024-10-13 19:27:33.985 [info] fatal: not a git repository (or any of the parent directories): .git
2024-10-13 19:27:35.420 [info] > git rev-parse --show-toplevel [3ms]
2024-10-13 19:27:35.420 [info] fatal: not a git repository (or any of the parent directories): .git
2024-10-13 19:29:17.224 [info] > git rev-parse --show-toplevel [2ms]
2024-10-13 19:29:17.224 [info] fatal: not a git repository (or any of the parent directories): .git
2024-10-13 19:29:19.122 [info] > git rev-parse --show-toplevel [5ms]
2024-10-13 19:29:19.122 [info] fatal: not a git repository (or any of the parent directories): .git
